number,value,datetime_start,datetime_complete,duration,params_batch_size,params_dropout,params_hidden_size,params_lr,params_num_layers,params_weight_decay,user_attrs_seed_val_losses,system_attrs_fixed_params,state
0,0.3278998792171478,2026-09-09 23:04:55.935344,2026-09-09 23:09:39.423152,0 days 00:04:43.487808,256,0.2,128,0.001,2,0.0001,"[0.3258495330810547, 0.3285602629184723, 0.3293466567993164, 0.3290933072566986, 0.32664963603019714]","{'hidden_size': 128, 'num_layers': 2, 'dropout': 0.2, 'lr': 0.001, 'weight_decay': 0.0001, 'batch_size': 256}",COMPLETE
1,0.3272710919380188,2026-09-09 23:09:39.423238,2026-09-09 23:13:18.162163,0 days 00:03:38.738925,512,0.2,96,0.001,2,0.0001,"[0.33096545934677124, 0.3253677785396576, 0.32519853115081787, 0.3280670940876007, 0.3267565965652466]",,COMPLETE
2,0.33306294679641724,2026-09-09 23:13:18.162240,2026-09-09 23:19:16.956680,0 days 00:05:58.794440,256,0.1,64,0.0001,2,1e-06,"[0.3299115002155304, 0.33610379695892334, 0.33216607570648193, 0.334565132856369, 0.3325682282447815]",,COMPLETE
3,0.34193322658538816,2026-09-09 23:19:16.956750,2026-09-09 23:37:50.403049,0 days 00:18:33.446299,64,0.3,128,1e-05,2,1e-05,"[0.34229329228401184, 0.34106728434562683, 0.34023264050483704, 0.3416655361652374, 0.3444073796272278]",,COMPLETE
4,0.35170825719833376,2026-09-09 23:37:50.403112,2026-09-09 23:44:37.585075,0 days 00:06:47.181963,256,0.2,128,1e-05,3,1e-05,"[0.3510860800743103, 0.3526950776576996, 0.35184159874916077, 0.3530849814414978, 0.34983354806900024]",,COMPLETE
5,0.3339949667453766,2026-09-09 23:44:37.585142,2026-09-09 23:50:31.848279,0 days 00:05:54.263137,256,0.3,256,0.0001,1,0.0001,"[0.33443886041641235, 0.3332597613334656, 0.33496561646461487, 0.3336826264858246, 0.33362796902656555]",,COMPLETE
6,0.326446408033371,2026-09-09 23:50:31.848343,2026-09-09 23:58:52.308646,0 days 00:08:20.460303,256,0.3,256,0.0001,3,1e-05,"[0.3258930444717407, 0.32650598883628845, 0.32596060633659363, 0.3269457519054413, 0.32692664861679077]",,COMPLETE
7,0.33233903646469115,2026-09-09 23:58:52.308709,2026-09-10 00:02:07.004874,0 days 00:03:14.696165,128,0.2,128,0.001,2,1e-06,"[0.3303268551826477, 0.33071213960647583, 0.3354394733905792, 0.33499637246131897, 0.3302203416824341]",,COMPLETE
8,0.33523144721984866,2026-09-10 00:02:07.004937,2026-09-10 00:15:35.009557,0 days 00:13:28.004620,64,0.3,64,0.0001,1,1e-06,"[0.3364338278770447, 0.33597561717033386, 0.33375781774520874, 0.33550021052360535, 0.33448976278305054]",,COMPLETE
9,0.3303447663784027,2026-09-10 00:15:35.009617,2026-09-10 00:20:42.429223,0 days 00:05:07.419606,128,0.2,256,0.001,1,1e-05,"[0.3312819302082062, 0.3283674120903015, 0.3332425653934479, 0.3282042443752289, 0.3306276798248291]",,COMPLETE
10,0.3341470241546631,2026-09-10 00:20:42.429290,2026-09-10 00:23:04.397029,0 days 00:02:21.967739,512,0.2,96,0.001,1,0.0001,"[0.3358391523361206, 0.3347402811050415, 0.3332836925983429, 0.3345017731189728, 0.33237022161483765]",,COMPLETE
11,0.329145085811615,2026-09-10 00:23:04.397083,2026-09-10 00:25:00.288656,0 days 00:01:55.891573,512,0.3,96,0.001,3,1e-06,"[0.329616516828537, 0.3306308686733246, 0.32851743698120117, 0.3278226852416992, 0.329137921333313]",,COMPLETE
12,0.36788206696510317,2026-09-10 00:25:00.288727,2026-09-10 00:29:02.551556,0 days 00:04:02.262829,512,0.2,96,1e-05,2,1e-06,"[0.3672798275947571, 0.36633723974227905, 0.36896413564682007, 0.36868205666542053, 0.368147075176239]",,COMPLETE
13,0.3371031999588013,2026-09-10 00:29:02.551623,2026-09-10 00:34:28.901050,0 days 00:05:26.349427,256,0.3,64,0.0001,1,1e-05,"[0.33724555373191833, 0.3371334373950958, 0.33594056963920593, 0.3374674618244171, 0.33772897720336914]",,COMPLETE
14,0.32855461835861205,2026-09-10 00:34:28.901111,2026-09-10 00:51:20.633170,0 days 00:16:51.732059,64,0.1,256,0.001,2,0.0001,"[0.32842230796813965, 0.32791680097579956, 0.3261837661266327, 0.328093945980072, 0.3321562707424164]",,COMPLETE
15,0.35745012760162354,2026-09-10 00:51:20.633239,2026-09-10 00:58:06.060384,0 days 00:06:45.427145,256,0.3,96,1e-05,3,1e-05,"[0.3584781587123871, 0.35680821537971497, 0.35713544487953186, 0.3574576675891876, 0.35737115144729614]",,COMPLETE
16,0.3326232612133026,2026-09-10 00:58:06.060451,2026-09-10 01:01:16.085200,0 days 00:03:10.024749,256,0.2,64,0.001,1,1e-05,"[0.33167892694473267, 0.33006569743156433, 0.33664458990097046, 0.3359081447124481, 0.3288189470767975]",,COMPLETE
17,0.32675364017486574,2026-09-10 01:01:16.085282,2026-09-10 01:09:37.298308,0 days 00:08:21.213026,256,0.1,256,0.0001,3,1e-05,"[0.32633069157600403, 0.3258007764816284, 0.3271743953227997, 0.3263240456581116, 0.3281382918357849]",,COMPLETE
18,0.3307337582111359,2026-09-10 01:09:37.298377,2026-09-10 01:12:04.430627,0 days 00:02:27.132250,512,0.3,128,0.001,1,1e-06,"[0.33020323514938354, 0.3307902216911316, 0.33033233880996704, 0.33360281586647034, 0.3287401795387268]",,COMPLETE
19,0.3589958369731903,2026-09-10 01:12:04.430701,2026-09-10 01:21:15.524157,0 days 00:09:11.093456,128,0.2,96,1e-05,1,0.0001,"[0.35997146368026733, 0.3550056219100952, 0.3599236011505127, 0.36031052470207214, 0.35976797342300415]",,COMPLETE
20,0.3294527232646942,2026-09-10 01:21:15.524215,2026-09-10 01:30:23.909921,0 days 00:09:08.385706,128,0.2,128,0.0001,2,1e-06,"[0.324773371219635, 0.32919201254844666, 0.3334923982620239, 0.33353346586227417, 0.3262723684310913]",,COMPLETE
21,0.3339195132255554,2026-09-10 01:30:23.910000,2026-09-10 01:34:34.874628,0 days 00:04:10.964628,512,0.2,256,0.0001,1,1e-06,"[0.33304452896118164, 0.33321407437324524, 0.33542945981025696, 0.333501398563385, 0.33440810441970825]",,COMPLETE
22,0.3316330432891846,2026-09-10 01:34:34.874698,2026-09-10 01:41:04.342975,0 days 00:06:29.468277,256,0.2,96,0.0001,3,0.0001,"[0.33009061217308044, 0.33228591084480286, 0.3313913643360138, 0.33078718185424805, 0.3336101472377777]",,COMPLETE
23,0.33015226721763613,2026-09-10 01:41:04.343041,2026-09-10 01:45:27.948180,0 days 00:04:23.605139,512,0.1,128,0.0001,3,1e-05,"[0.3305993378162384, 0.3320091962814331, 0.3305899202823639, 0.32855314016342163, 0.3290097415447235]",,COMPLETE
24,0.32593515515327454,2026-09-10 01:45:27.948252,2026-09-10 01:54:26.302100,0 days 00:08:58.353848,256,0.2,256,0.0001,3,1e-05,"[0.3234507441520691, 0.32645365595817566, 0.3271563649177551, 0.3264310359954834, 0.3261839747428894]",,COMPLETE
25,0.35568962097167967,2026-09-10 01:54:26.302176,2026-09-10 01:59:47.153715,0 days 00:05:20.851539,512,0.2,256,1e-05,2,1e-05,"[0.35355517268180847, 0.35659298300743103, 0.3582509756088257, 0.35405153036117554, 0.3559974431991577]",,COMPLETE
26,0.35654919743537905,2026-09-10 01:59:47.153791,2026-09-10 02:05:08.530084,0 days 00:05:21.376293,512,0.3,256,1e-05,2,1e-06,"[0.3559021055698395, 0.3556079864501953, 0.3574010729789734, 0.3557164669036865, 0.35811835527420044]",,COMPLETE
27,0.3484256625175476,2026-09-10 02:05:08.530158,2026-09-10 02:11:23.703987,0 days 00:06:15.173829,512,0.1,256,1e-05,3,0.0001,"[0.35097235441207886, 0.3464958071708679, 0.35063013434410095, 0.3424360454082489, 0.3515939712524414]",,COMPLETE
28,0.3331070840358734,2026-09-10 02:11:23.704055,2026-09-10 02:13:38.550564,0 days 00:02:14.846509,512,0.1,96,0.001,1,1e-05,"[0.33376726508140564, 0.3322344422340393, 0.3328567147254944, 0.333271861076355, 0.33340513706207275]",,COMPLETE
29,0.3267963588237762,2026-09-10 02:13:38.550628,2026-09-10 02:15:43.853020,0 days 00:02:05.302392,512,0.3,128,0.001,2,1e-05,"[0.32373371720314026, 0.3279184401035309, 0.3272884488105774, 0.3266206681728363, 0.3284205198287964]",,COMPLETE
30,0.3374823570251465,2026-09-10 02:15:43.853078,2026-09-10 02:19:27.407055,0 days 00:03:43.553977,512,0.3,96,0.0001,1,1e-06,"[0.33869895339012146, 0.33831676840782166, 0.3379729688167572, 0.33653363585472107, 0.33588945865631104]",,COMPLETE
31,0.37067711353302,2026-09-10 02:19:27.407127,2026-09-10 02:23:14.288097,0 days 00:03:46.880970,512,0.2,128,1e-05,1,1e-06,"[0.36991676688194275, 0.37085750699043274, 0.3716367185115814, 0.37053120136260986, 0.3704433739185333]",,COMPLETE
32,0.3643997848033905,2026-09-10 02:23:14.288169,2026-09-10 02:27:35.394700,0 days 00:04:21.106531,512,0.1,256,1e-05,1,1e-06,"[0.364473432302475, 0.36463823914527893, 0.36466142535209656, 0.36308059096336365, 0.3651452362537384]",,COMPLETE
33,0.3292448341846466,2026-09-10 02:27:35.394771,2026-09-10 02:31:57.989023,0 days 00:04:22.594252,512,0.2,128,0.0001,3,1e-05,"[0.329542338848114, 0.3289080560207367, 0.33017677068710327, 0.3289373517036438, 0.32865965366363525]",,COMPLETE
34,0.3414586901664734,2026-09-10 02:31:57.989084,2026-09-10 02:52:50.731769,0 days 00:20:52.742685,64,0.2,96,1e-05,3,1e-05,"[0.3416290879249573, 0.3416575491428375, 0.3429097533226013, 0.3414459526538849, 0.33965110778808594]",,COMPLETE
35,0.3306921303272247,2026-09-10 02:52:50.731838,2026-09-10 02:54:56.607585,0 days 00:02:05.875747,512,0.2,256,0.001,3,1e-05,"[0.32781490683555603, 0.3295619785785675, 0.3346445560455322, 0.3319762349128723, 0.3294629752635956]",,COMPLETE
36,0.38011648058891295,2026-09-10 02:54:56.607674,2026-09-10 02:59:16.785459,0 days 00:04:20.177785,512,0.3,64,1e-05,3,0.0001,"[0.3772400915622711, 0.3830256164073944, 0.37882643938064575, 0.3815227150917053, 0.3799675405025482]",,COMPLETE
37,0.3299017369747162,2026-09-10 02:59:16.785529,2026-09-10 03:02:44.936299,0 days 00:03:28.150770,128,0.1,96,0.001,2,1e-06,"[0.32772475481033325, 0.3279309570789337, 0.3297910988330841, 0.33155184984207153, 0.3325100243091583]",,COMPLETE
38,0.34125043749809264,2026-09-10 03:02:44.936380,2026-09-10 03:23:36.795485,0 days 00:20:51.859105,64,0.2,96,1e-05,3,1e-06,"[0.34171342849731445, 0.3415593206882477, 0.34255820512771606, 0.34105929732322693, 0.33936193585395813]",,COMPLETE
39,0.32922462821006776,2026-09-10 03:23:36.795553,2026-09-10 03:25:47.071518,0 days 00:02:10.275965,512,0.2,64,0.001,3,1e-05,"[0.3289457857608795, 0.33001285791397095, 0.3283522129058838, 0.3306965231895447, 0.3281157612800598]",,COMPLETE
