number,value,datetime_start,datetime_complete,duration,params_batch_size,params_dropout,params_hidden_size,params_lr,params_num_layers,params_weight_decay,user_attrs_seed_val_losses,system_attrs_fixed_params,state
0,0.32721929417716134,2026-09-19 07:19:09.551467,2026-09-19 07:22:31.880981,0 days 00:03:22.329514,256,0.2,128,0.001,2,0.0001,"[0.32599928975105286, 0.32499557733535767, 0.32864299416542053, 0.3256269097328186, 0.3259536623954773, 0.3259194493293762, 0.32641658186912537, 0.33265116810798645, 0.3287680149078369]","{'hidden_size': 128, 'num_layers': 2, 'dropout': 0.2, 'lr': 0.001, 'weight_decay': 0.0001, 'batch_size': 256}",COMPLETE
1,0.32928119434250724,2026-09-19 07:22:31.881044,2026-09-19 07:27:11.170236,0 days 00:04:39.289192,256,0.3,128,0.0001,3,1e-05,"[0.32908815145492554, 0.3311772048473358, 0.3288169503211975, 0.3299238383769989, 0.3292127847671509, 0.32957959175109863, 0.3286695182323456, 0.32975703477859497, 0.3273056745529175]",,COMPLETE
2,0.32814979553222656,2026-09-19 07:27:11.170283,2026-09-19 07:32:29.390626,0 days 00:05:18.220343,128,0.3,128,0.001,2,0.0001,"[0.3289308547973633, 0.3286978006362915, 0.3285054564476013, 0.332707941532135, 0.32856008410453796, 0.3258950114250183, 0.3257184624671936, 0.3273509740829468, 0.3269815742969513]",,COMPLETE
3,0.3783762388759189,2026-09-19 07:32:29.390663,2026-09-19 07:35:20.601368,0 days 00:02:51.210705,512,0.2,64,1e-05,2,1e-06,"[0.3788037896156311, 0.37987926602363586, 0.38317105174064636, 0.3771475851535797, 0.3768862783908844, 0.37589699029922485, 0.3756478726863861, 0.37995120882987976, 0.3780021071434021]",,COMPLETE
4,0.33897451559702557,2026-09-19 07:35:20.601403,2026-09-19 07:49:53.627804,0 days 00:14:33.026401,64,0.3,128,1e-05,3,1e-05,"[0.3385795056819916, 0.33929675817489624, 0.34018969535827637, 0.3403140604496002, 0.34087127447128296, 0.3364604711532593, 0.33773118257522583, 0.33850792050361633, 0.3388197720050812]",,COMPLETE
5,0.32605399356948006,2026-09-19 07:49:53.627839,2026-09-19 07:55:43.614350,0 days 00:05:49.986511,256,0.2,256,0.0001,3,1e-05,"[0.3251141607761383, 0.3270677328109741, 0.32610514760017395, 0.32682228088378906, 0.32570919394493103, 0.32615968585014343, 0.32544395327568054, 0.3247930705547333, 0.3272707164287567]",,COMPLETE
6,0.3561723397837745,2026-09-19 07:55:43.614390,2026-09-19 08:01:50.523485,0 days 00:06:06.909095,128,0.3,128,1e-05,1,1e-06,"[0.3499212861061096, 0.3576430678367615, 0.3575361669063568, 0.358291894197464, 0.3537999987602234, 0.3558567762374878, 0.3574734032154083, 0.3572186827659607, 0.35780978202819824]",,COMPLETE
7,0.33144545555114746,2026-09-19 08:01:50.523519,2026-09-19 08:05:09.929181,0 days 00:03:19.405662,128,0.3,256,0.001,2,1e-06,"[0.33245739340782166, 0.33506739139556885, 0.3278346359729767, 0.32949209213256836, 0.33305826783180237, 0.33516258001327515, 0.3334648311138153, 0.32603156566619873, 0.33044034242630005]",,COMPLETE
8,0.3273793293370141,2026-09-19 08:05:09.929219,2026-09-19 08:14:24.277138,0 days 00:09:14.347919,128,0.2,256,0.0001,2,1e-06,"[0.3273332417011261, 0.32522153854370117, 0.3292118012905121, 0.32898709177970886, 0.3269301950931549, 0.3291511535644531, 0.32680222392082214, 0.3249240815639496, 0.32785263657569885]",,COMPLETE
9,0.3570959832933214,2026-09-19 08:14:24.277174,2026-09-19 08:20:34.614935,0 days 00:06:10.337761,128,0.3,128,1e-05,1,0.0001,"[0.35216182470321655, 0.3589867651462555, 0.3581397533416748, 0.3589535355567932, 0.35409659147262573, 0.3560776710510254, 0.3589763343334198, 0.35797035694122314, 0.35850101709365845]",,COMPLETE
10,0.33430172006289166,2026-09-19 08:20:34.614971,2026-09-19 08:23:58.161323,0 days 00:03:23.546352,256,0.1,128,0.0001,1,1e-05,"[0.3361995220184326, 0.33290088176727295, 0.3349432051181793, 0.33326926827430725, 0.3349822461605072, 0.33373987674713135, 0.33327001333236694, 0.3346419036388397, 0.3347685635089874]",,COMPLETE
11,0.36212904585732353,2026-09-19 08:23:58.161363,2026-09-19 08:30:23.027133,0 days 00:06:24.865770,128,0.2,64,1e-05,1,0.0001,"[0.3625161349773407, 0.36256229877471924, 0.36229777336120605, 0.3625199496746063, 0.3614233732223511, 0.36308765411376953, 0.36208683252334595, 0.36085397005081177, 0.36181342601776123]",,COMPLETE
12,0.3341158760918511,2026-09-19 08:30:23.027170,2026-09-19 08:35:40.049544,0 days 00:05:17.022374,128,0.1,128,0.0001,1,0.0001,"[0.3369344174861908, 0.3325009047985077, 0.3342427909374237, 0.3326171040534973, 0.3350120484828949, 0.3340718746185303, 0.3336213231086731, 0.33429020643234253, 0.33375221490859985]",,COMPLETE
13,0.3578972551557753,2026-09-19 08:35:40.049579,2026-09-19 08:42:43.112016,0 days 00:07:03.062437,128,0.2,64,1e-05,2,0.0001,"[0.3582061529159546, 0.35947147011756897, 0.3583989441394806, 0.35792142152786255, 0.35811924934387207, 0.35662609338760376, 0.3577158749103546, 0.35770383477211, 0.3569122552871704]",,COMPLETE
14,0.3388717638121711,2026-09-19 08:42:43.112052,2026-09-19 08:53:52.188639,0 days 00:11:09.076587,128,0.2,256,1e-05,2,0.0001,"[0.3369005024433136, 0.33722975850105286, 0.3383239507675171, 0.34002751111984253, 0.3400236666202545, 0.33939316868782043, 0.3403130769729614, 0.3393513858318329, 0.33828285336494446]",,COMPLETE
15,0.33226675788561505,2026-09-19 08:53:52.188674,2026-09-19 08:57:50.291463,0 days 00:03:58.102789,64,0.2,128,0.001,2,1e-05,"[0.3313770890235901, 0.33118924498558044, 0.33452391624450684, 0.3342236280441284, 0.3356166183948517, 0.3326534032821655, 0.33116069436073303, 0.3292677402496338, 0.33038848638534546]",,COMPLETE
16,0.33226675788561505,2026-09-19 08:57:50.291500,2026-09-19 09:01:43.712439,0 days 00:03:53.420939,64,0.2,128,0.001,2,1e-05,"[0.3313770890235901, 0.33118924498558044, 0.33452391624450684, 0.3342236280441284, 0.3356166183948517, 0.3326534032821655, 0.33116069436073303, 0.3292677402496338, 0.33038848638534546]",,COMPLETE
17,0.32830267151196796,2026-09-19 09:01:43.712476,2026-09-19 09:13:53.950332,0 days 00:12:10.237856,64,0.1,64,0.0001,2,1e-06,"[0.3280157744884491, 0.32430559396743774, 0.32723984122276306, 0.3293094336986542, 0.3283861577510834, 0.32583364844322205, 0.3329441547393799, 0.33032017946243286, 0.32836925983428955]",,COMPLETE
18,0.3354277080959744,2026-09-19 09:13:53.950368,2026-09-19 09:33:36.624014,0 days 00:19:42.673646,64,0.3,256,1e-05,2,0.0001,"[0.3344722390174866, 0.3340873420238495, 0.33642640709877014, 0.33563604950904846, 0.3363534212112427, 0.3351074457168579, 0.33482056856155396, 0.33635175228118896, 0.33559414744377136]",,COMPLETE
19,0.34346043401294285,2026-09-19 09:33:36.624048,2026-09-19 09:40:03.279452,0 days 00:06:26.655404,256,0.2,256,1e-05,2,1e-05,"[0.3401798903942108, 0.34009289741516113, 0.3425235152244568, 0.3426893353462219, 0.34477338194847107, 0.34752243757247925, 0.34591108560562134, 0.34502819180488586, 0.3424231708049774]",,COMPLETE
20,0.36212904585732353,2026-09-19 09:40:03.279488,2026-09-19 09:46:05.723563,0 days 00:06:02.444075,128,0.2,64,1e-05,1,0.0001,"[0.3625161349773407, 0.36256229877471924, 0.36229777336120605, 0.3625199496746063, 0.3614233732223511, 0.36308765411376953, 0.36208683252334595, 0.36085397005081177, 0.36181342601776123]",,COMPLETE
21,0.3337700366973877,2026-09-19 09:46:05.723598,2026-09-19 10:10:59.598679,0 days 00:24:53.875081,64,0.1,256,1e-05,3,1e-05,"[0.33408188819885254, 0.3336265981197357, 0.33418339490890503, 0.3338222801685333, 0.3339843153953552, 0.3333669602870941, 0.332665354013443, 0.33460554480552673, 0.3335939943790436]",,COMPLETE
22,0.3278646700912052,2026-09-19 10:10:59.598715,2026-09-19 10:17:47.719799,0 days 00:06:48.121084,128,0.1,256,0.001,2,0.0001,"[0.3257130980491638, 0.324356347322464, 0.3281504213809967, 0.3286634087562561, 0.3298032581806183, 0.3300563395023346, 0.3318435549736023, 0.3268645405769348, 0.32533106207847595]",,COMPLETE
23,0.3329005473189884,2026-09-19 10:17:47.719834,2026-09-19 10:25:37.631793,0 days 00:07:49.911959,64,0.3,256,0.0001,1,1e-05,"[0.3329431712627411, 0.3322432339191437, 0.33232253789901733, 0.33178025484085083, 0.3338358998298645, 0.33589985966682434, 0.3323809802532196, 0.3321385383605957, 0.3325604498386383]",,COMPLETE
24,0.32860341999265885,2026-09-19 10:25:37.631829,2026-09-19 10:30:19.448947,0 days 00:04:41.817118,256,0.3,128,0.0001,3,1e-06,"[0.32828038930892944, 0.3292495608329773, 0.3289390504360199, 0.3285180628299713, 0.3286857306957245, 0.32719963788986206, 0.32844001054763794, 0.3302359879016876, 0.3278823494911194]",,COMPLETE
25,0.33249879214498734,2026-09-19 10:30:19.448982,2026-09-19 10:39:57.207743,0 days 00:09:37.758761,64,0.2,256,0.0001,1,0.0001,"[0.3319664001464844, 0.33116117119789124, 0.33193814754486084, 0.3317231833934784, 0.3334767520427704, 0.3361383378505707, 0.3322012722492218, 0.33184319734573364, 0.3320406675338745]",,COMPLETE
26,0.3339355190594991,2026-09-19 10:39:57.207777,2026-09-19 10:43:37.968511,0 days 00:03:40.760734,256,0.3,256,0.0001,1,1e-05,"[0.3331904113292694, 0.33359384536743164, 0.3333616554737091, 0.33267465233802795, 0.3352435529232025, 0.33473634719848633, 0.3348091244697571, 0.33422356843948364, 0.33358651399612427]",,COMPLETE
27,0.3797191348340776,2026-09-19 10:43:37.968546,2026-09-19 10:46:46.695374,0 days 00:03:08.726828,512,0.3,64,1e-05,3,0.0001,"[0.37721186876296997, 0.38006553053855896, 0.38260671496391296, 0.37770435214042664, 0.3787840008735657, 0.3796013593673706, 0.3814176023006439, 0.37996751070022583, 0.38011327385902405]",,COMPLETE
28,0.3279665907224019,2026-09-19 10:46:46.695410,2026-09-19 10:54:21.557699,0 days 00:07:34.862289,128,0.1,256,0.0001,3,1e-06,"[0.3302515149116516, 0.32761168479919434, 0.3284459710121155, 0.32748356461524963, 0.3264772891998291, 0.3279441297054291, 0.32674625515937805, 0.32720082998275757, 0.3295380771160126]",,COMPLETE
29,0.3288767337799072,2026-09-19 10:54:21.557738,2026-09-19 11:02:25.583138,0 days 00:08:04.025400,64,0.2,64,0.001,3,0.0001,"[0.3282870054244995, 0.3291527032852173, 0.33042874932289124, 0.3304489254951477, 0.32436853647232056, 0.32960450649261475, 0.3306173086166382, 0.3286496102809906, 0.3283332586288452]",,COMPLETE
30,0.36397328310542637,2026-09-19 11:02:25.583175,2026-09-19 11:05:45.862329,0 days 00:03:20.279154,512,0.3,256,1e-05,1,1e-06,"[0.3641929030418396, 0.3638867139816284, 0.3644568622112274, 0.36459454894065857, 0.3600160479545593, 0.3649783432483673, 0.36264947056770325, 0.36541736125946045, 0.36556729674339294]",,COMPLETE
31,0.3276556366019779,2026-09-19 11:05:45.862365,2026-09-19 11:10:03.026952,0 days 00:04:17.164587,64,0.2,64,0.001,2,1e-06,"[0.3278149664402008, 0.32835644483566284, 0.330951452255249, 0.33091259002685547, 0.32496750354766846, 0.32922205328941345, 0.32686492800712585, 0.32505837082862854, 0.32475242018699646]",,COMPLETE
32,0.33448135521676803,2026-09-19 11:10:03.026987,2026-09-19 11:19:03.264525,0 days 00:09:00.237538,64,0.1,64,0.0001,1,1e-05,"[0.3364579975605011, 0.3337462842464447, 0.3333704173564911, 0.33512747287750244, 0.33365291357040405, 0.33590638637542725, 0.334565669298172, 0.3344811201095581, 0.33302393555641174]",,COMPLETE
33,0.3583343293931749,2026-09-19 11:19:03.264560,2026-09-19 11:26:01.769360,0 days 00:06:58.504800,128,0.3,64,1e-05,2,1e-05,"[0.3585405647754669, 0.36006900668144226, 0.35926225781440735, 0.35822901129722595, 0.35822710394859314, 0.356850266456604, 0.35804715752601624, 0.35827064514160156, 0.3575129508972168]",,COMPLETE
34,0.35027118192778695,2026-09-19 11:26:01.769395,2026-09-19 11:40:11.361985,0 days 00:14:09.592590,64,0.3,64,1e-05,3,1e-06,"[0.3528495728969574, 0.34953683614730835, 0.34955891966819763, 0.3491249978542328, 0.34820765256881714, 0.35108157992362976, 0.3511304557323456, 0.3475619852542877, 0.35338863730430603]",,COMPLETE
35,0.3270163701640235,2026-09-19 11:40:11.362029,2026-09-19 11:53:15.912826,0 days 00:13:04.550797,64,0.3,256,0.0001,3,1e-05,"[0.3295004665851593, 0.3267842233181, 0.32731661200523376, 0.32452383637428284, 0.32566341757774353, 0.3268669843673706, 0.32814526557922363, 0.3274870812892914, 0.3268594443798065]",,COMPLETE
36,0.3342505859004127,2026-09-19 11:53:15.912862,2026-09-19 11:54:54.091324,0 days 00:01:38.178462,512,0.2,128,0.001,1,0.0001,"[0.33388185501098633, 0.33386388421058655, 0.3347858488559723, 0.33497264981269836, 0.33443722128868103, 0.3355356752872467, 0.3342524766921997, 0.33414414525032043, 0.3323815166950226]",,COMPLETE
37,0.32716558708084953,2026-09-19 11:54:54.091359,2026-09-19 12:07:11.952123,0 days 00:12:17.860764,64,0.1,256,0.0001,2,1e-06,"[0.3254145085811615, 0.32822227478027344, 0.32520291209220886, 0.3283502757549286, 0.32771068811416626, 0.3271712064743042, 0.3267292380332947, 0.32773783802986145, 0.3279513418674469]",,COMPLETE
38,0.3305278718471527,2026-09-19 12:07:11.952159,2026-09-19 12:08:58.125308,0 days 00:01:46.173149,512,0.1,128,0.001,1,1e-06,"[0.32871678471565247, 0.3285820484161377, 0.3353072702884674, 0.33247110247612, 0.33229872584342957, 0.330148845911026, 0.326381653547287, 0.33234837651252747, 0.3284960389137268]",,COMPLETE
39,0.3301192886299557,2026-09-19 12:08:58.125344,2026-09-19 12:13:07.835276,0 days 00:04:09.709932,64,0.1,128,0.001,3,1e-05,"[0.33141472935676575, 0.3330157995223999, 0.32881250977516174, 0.3317582309246063, 0.33094966411590576, 0.32916173338890076, 0.32556188106536865, 0.33387959003448486, 0.3265194594860077]",,COMPLETE
